<?xml version="1.0" encoding="UTF-8"?>
<coverage generated="1683537766">
  <project timestamp="1683537766">
    <file name="/Users/danielmullin/inShore/I000/bookwhen/src/Bookwhen.php">
      <class name="InShore\Bookwhen\Bookwhen" namespace="global">
        <metrics complexity="86" methods="12" coveredmethods="2" conditionals="0" coveredconditionals="0" statements="374" coveredstatements="291" elements="386" coveredelements="293"/>
      </class>
      <line num="104" type="method" name="__construct" visibility="public" complexity="5" crap="5.27" count="20"/>
      <line num="114" type="stmt" count="20"/>
      <line num="115" type="stmt" count="11"/>
      <line num="117" type="stmt" count="9"/>
      <line num="118" type="stmt" count="9"/>
      <line num="119" type="stmt" count="1"/>
      <line num="120" type="stmt" count="0"/>
      <line num="121" type="stmt" count="20"/>
      <line num="123" type="stmt" count="1"/>
      <line num="124" type="stmt" count="0"/>
      <line num="134" type="method" name="attachment" visibility="public" complexity="2" crap="2" count="3"/>
      <line num="136" type="stmt" count="3"/>
      <line num="137" type="stmt" count="2"/>
      <line num="140" type="stmt" count="1"/>
      <line num="142" type="stmt" count="1"/>
      <line num="143" type="stmt" count="1"/>
      <line num="144" type="stmt" count="1"/>
      <line num="145" type="stmt" count="1"/>
      <line num="146" type="stmt" count="1"/>
      <line num="147" type="stmt" count="1"/>
      <line num="148" type="stmt" count="1"/>
      <line num="149" type="stmt" count="1"/>
      <line num="150" type="stmt" count="1"/>
      <line num="151" type="stmt" count="1"/>
      <line num="160" type="method" name="attachments" visibility="public" complexity="2" crap="2" count="1"/>
      <line num="166" type="stmt" count="1"/>
      <line num="168" type="stmt" count="1"/>
      <line num="170" type="stmt" count="1"/>
      <line num="192" type="stmt" count="1"/>
      <line num="194" type="stmt" count="1"/>
      <line num="195" type="stmt" count="1"/>
      <line num="196" type="stmt" count="1"/>
      <line num="197" type="stmt" count="1"/>
      <line num="198" type="stmt" count="1"/>
      <line num="199" type="stmt" count="1"/>
      <line num="200" type="stmt" count="1"/>
      <line num="201" type="stmt" count="1"/>
      <line num="202" type="stmt" count="1"/>
      <line num="203" type="stmt" count="1"/>
      <line num="204" type="stmt" count="1"/>
      <line num="207" type="stmt" count="1"/>
      <line num="216" type="method" name="classPass" visibility="public" complexity="2" crap="2.00" count="1"/>
      <line num="219" type="stmt" count="1"/>
      <line num="220" type="stmt" count="0"/>
      <line num="223" type="stmt" count="1"/>
      <line num="225" type="stmt" count="1"/>
      <line num="226" type="stmt" count="1"/>
      <line num="227" type="stmt" count="1"/>
      <line num="228" type="stmt" count="1"/>
      <line num="229" type="stmt" count="1"/>
      <line num="230" type="stmt" count="1"/>
      <line num="231" type="stmt" count="1"/>
      <line num="232" type="stmt" count="1"/>
      <line num="233" type="stmt" count="1"/>
      <line num="241" type="method" name="classPasses" visibility="public" complexity="12" crap="12.91" count="1"/>
      <line num="250" type="stmt" count="1"/>
      <line num="251" type="stmt" count="0"/>
      <line num="253" type="stmt" count="1"/>
      <line num="256" type="stmt" count="1"/>
      <line num="257" type="stmt" count="0"/>
      <line num="259" type="stmt" count="1"/>
      <line num="262" type="stmt" count="1"/>
      <line num="263" type="stmt" count="0"/>
      <line num="265" type="stmt" count="1"/>
      <line num="268" type="stmt" count="1"/>
      <line num="269" type="stmt" count="0"/>
      <line num="271" type="stmt" count="1"/>
      <line num="274" type="stmt" count="1"/>
      <line num="275" type="stmt" count="0"/>
      <line num="277" type="stmt" count="1"/>
      <line num="280" type="stmt" count="1"/>
      <line num="282" type="stmt" count="1"/>
      <line num="283" type="stmt" count="1"/>
      <line num="284" type="stmt" count="1"/>
      <line num="285" type="stmt" count="1"/>
      <line num="286" type="stmt" count="1"/>
      <line num="287" type="stmt" count="1"/>
      <line num="288" type="stmt" count="1"/>
      <line num="289" type="stmt" count="1"/>
      <line num="290" type="stmt" count="1"/>
      <line num="291" type="stmt" count="1"/>
      <line num="293" type="stmt" count="1"/>
      <line num="301" type="method" name="event" visibility="public" complexity="9" crap="9.84" count="2"/>
      <line num="310" type="stmt" count="2"/>
      <line num="311" type="stmt" count="0"/>
      <line num="315" type="stmt" count="2"/>
      <line num="316" type="stmt" count="0"/>
      <line num="320" type="stmt" count="2"/>
      <line num="321" type="stmt" count="0"/>
      <line num="325" type="stmt" count="2"/>
      <line num="326" type="stmt" count="0"/>
      <line num="330" type="stmt" count="2"/>
      <line num="331" type="stmt" count="0"/>
      <line num="335" type="stmt" count="2"/>
      <line num="336" type="stmt" count="0"/>
      <line num="339" type="stmt" count="2"/>
      <line num="340" type="stmt" count="2"/>
      <line num="341" type="stmt" count="2"/>
      <line num="342" type="stmt" count="2"/>
      <line num="343" type="stmt" count="2"/>
      <line num="344" type="stmt" count="2"/>
      <line num="345" type="stmt" count="2"/>
      <line num="347" type="stmt" count="2"/>
      <line num="348" type="stmt" count="2"/>
      <line num="349" type="stmt" count="2"/>
      <line num="351" type="stmt" count="2"/>
      <line num="354" type="stmt" count="2"/>
      <line num="356" type="stmt" count="2"/>
      <line num="357" type="stmt" count="0"/>
      <line num="358" type="stmt" count="0"/>
      <line num="359" type="stmt" count="0"/>
      <line num="360" type="stmt" count="0"/>
      <line num="361" type="stmt" count="0"/>
      <line num="362" type="stmt" count="0"/>
      <line num="363" type="stmt" count="0"/>
      <line num="364" type="stmt" count="0"/>
      <line num="365" type="stmt" count="0"/>
      <line num="366" type="stmt" count="0"/>
      <line num="367" type="stmt" count="0"/>
      <line num="371" type="stmt" count="2"/>
      <line num="372" type="stmt" count="2"/>
      <line num="373" type="stmt" count="2"/>
      <line num="374" type="stmt" count="2"/>
      <line num="375" type="stmt" count="2"/>
      <line num="376" type="stmt" count="2"/>
      <line num="377" type="stmt" count="2"/>
      <line num="378" type="stmt" count="2"/>
      <line num="379" type="stmt" count="2"/>
      <line num="380" type="stmt" count="2"/>
      <line num="381" type="stmt" count="2"/>
      <line num="382" type="stmt" count="2"/>
      <line num="383" type="stmt" count="2"/>
      <line num="384" type="stmt" count="2"/>
      <line num="385" type="stmt" count="2"/>
      <line num="386" type="stmt" count="2"/>
      <line num="387" type="stmt" count="2"/>
      <line num="388" type="stmt" count="2"/>
      <line num="389" type="stmt" count="2"/>
      <line num="395" type="stmt" count="2"/>
      <line num="396" type="stmt" count="2"/>
      <line num="397" type="stmt" count="2"/>
      <line num="398" type="stmt" count="2"/>
      <line num="399" type="stmt" count="2"/>
      <line num="400" type="stmt" count="2"/>
      <line num="401" type="stmt" count="2"/>
      <line num="402" type="stmt" count="2"/>
      <line num="403" type="stmt" count="2"/>
      <line num="404" type="stmt" count="2"/>
      <line num="405" type="stmt" count="2"/>
      <line num="406" type="stmt" count="2"/>
      <line num="407" type="stmt" count="2"/>
      <line num="408" type="stmt" count="2"/>
      <line num="409" type="stmt" count="2"/>
      <line num="410" type="stmt" count="2"/>
      <line num="411" type="stmt" count="2"/>
      <line num="412" type="stmt" count="2"/>
      <line num="413" type="stmt" count="2"/>
      <line num="414" type="stmt" count="2"/>
      <line num="415" type="stmt" count="2"/>
      <line num="416" type="stmt" count="2"/>
      <line num="417" type="stmt" count="2"/>
      <line num="425" type="method" name="events" visibility="public" complexity="28" crap="68.54" count="1"/>
      <line num="447" type="stmt" count="1"/>
      <line num="448" type="stmt" count="0"/>
      <line num="449" type="stmt" count="0"/>
      <line num="451" type="stmt" count="0"/>
      <line num="452" type="stmt" count="0"/>
      <line num="453" type="stmt" count="0"/>
      <line num="454" type="stmt" count="0"/>
      <line num="457" type="stmt" count="0"/>
      <line num="465" type="stmt" count="1"/>
      <line num="466" type="stmt" count="0"/>
      <line num="467" type="stmt" count="0"/>
      <line num="469" type="stmt" count="0"/>
      <line num="474" type="stmt" count="1"/>
      <line num="475" type="stmt" count="0"/>
      <line num="476" type="stmt" count="0"/>
      <line num="478" type="stmt" count="0"/>
      <line num="479" type="stmt" count="0"/>
      <line num="480" type="stmt" count="0"/>
      <line num="481" type="stmt" count="0"/>
      <line num="484" type="stmt" count="0"/>
      <line num="489" type="stmt" count="1"/>
      <line num="490" type="stmt" count="0"/>
      <line num="491" type="stmt" count="0"/>
      <line num="493" type="stmt" count="0"/>
      <line num="494" type="stmt" count="0"/>
      <line num="495" type="stmt" count="0"/>
      <line num="496" type="stmt" count="0"/>
      <line num="500" type="stmt" count="0"/>
      <line num="504" type="stmt" count="1"/>
      <line num="505" type="stmt" count="0"/>
      <line num="506" type="stmt" count="0"/>
      <line num="508" type="stmt" count="0"/>
      <line num="509" type="stmt" count="0"/>
      <line num="510" type="stmt" count="0"/>
      <line num="511" type="stmt" count="0"/>
      <line num="514" type="stmt" count="0"/>
      <line num="519" type="stmt" count="1"/>
      <line num="520" type="stmt" count="0"/>
      <line num="521" type="stmt" count="0"/>
      <line num="523" type="stmt" count="0"/>
      <line num="528" type="stmt" count="1"/>
      <line num="529" type="stmt" count="0"/>
      <line num="533" type="stmt" count="1"/>
      <line num="534" type="stmt" count="0"/>
      <line num="538" type="stmt" count="1"/>
      <line num="539" type="stmt" count="0"/>
      <line num="543" type="stmt" count="1"/>
      <line num="544" type="stmt" count="0"/>
      <line num="547" type="stmt" count="1"/>
      <line num="548" type="stmt" count="1"/>
      <line num="549" type="stmt" count="1"/>
      <line num="550" type="stmt" count="1"/>
      <line num="551" type="stmt" count="1"/>
      <line num="552" type="stmt" count="1"/>
      <line num="554" type="stmt" count="1"/>
      <line num="555" type="stmt" count="1"/>
      <line num="556" type="stmt" count="1"/>
      <line num="558" type="stmt" count="1"/>
      <line num="560" type="stmt" count="1"/>
      <line num="562" type="stmt" count="1"/>
      <line num="563" type="stmt" count="1"/>
      <line num="564" type="stmt" count="1"/>
      <line num="565" type="stmt" count="1"/>
      <line num="566" type="stmt" count="1"/>
      <line num="567" type="stmt" count="1"/>
      <line num="568" type="stmt" count="1"/>
      <line num="569" type="stmt" count="1"/>
      <line num="570" type="stmt" count="1"/>
      <line num="571" type="stmt" count="1"/>
      <line num="572" type="stmt" count="1"/>
      <line num="573" type="stmt" count="1"/>
      <line num="574" type="stmt" count="1"/>
      <line num="575" type="stmt" count="1"/>
      <line num="576" type="stmt" count="1"/>
      <line num="577" type="stmt" count="1"/>
      <line num="578" type="stmt" count="1"/>
      <line num="579" type="stmt" count="1"/>
      <line num="580" type="stmt" count="1"/>
      <line num="583" type="stmt" count="1"/>
      <line num="584" type="stmt" count="1"/>
      <line num="585" type="stmt" count="1"/>
      <line num="586" type="stmt" count="1"/>
      <line num="587" type="stmt" count="1"/>
      <line num="588" type="stmt" count="1"/>
      <line num="589" type="stmt" count="1"/>
      <line num="590" type="stmt" count="1"/>
      <line num="591" type="stmt" count="1"/>
      <line num="592" type="stmt" count="1"/>
      <line num="593" type="stmt" count="1"/>
      <line num="594" type="stmt" count="1"/>
      <line num="595" type="stmt" count="1"/>
      <line num="596" type="stmt" count="1"/>
      <line num="597" type="stmt" count="1"/>
      <line num="598" type="stmt" count="1"/>
      <line num="599" type="stmt" count="1"/>
      <line num="600" type="stmt" count="1"/>
      <line num="601" type="stmt" count="1"/>
      <line num="602" type="stmt" count="1"/>
      <line num="603" type="stmt" count="1"/>
      <line num="604" type="stmt" count="1"/>
      <line num="605" type="stmt" count="1"/>
      <line num="608" type="stmt" count="1"/>
      <line num="616" type="method" name="location" visibility="public" complexity="2" crap="2.00" count="1"/>
      <line num="619" type="stmt" count="1"/>
      <line num="620" type="stmt" count="0"/>
      <line num="623" type="stmt" count="1"/>
      <line num="625" type="stmt" count="1"/>
      <line num="626" type="stmt" count="1"/>
      <line num="627" type="stmt" count="1"/>
      <line num="628" type="stmt" count="1"/>
      <line num="629" type="stmt" count="1"/>
      <line num="630" type="stmt" count="1"/>
      <line num="631" type="stmt" count="1"/>
      <line num="632" type="stmt" count="1"/>
      <line num="633" type="stmt" count="1"/>
      <line num="639" type="method" name="locations" visibility="public" complexity="6" crap="6.97" count="1"/>
      <line num="646" type="stmt" count="1"/>
      <line num="647" type="stmt" count="0"/>
      <line num="648" type="stmt" count="0"/>
      <line num="650" type="stmt" count="0"/>
      <line num="653" type="stmt" count="1"/>
      <line num="654" type="stmt" count="0"/>
      <line num="655" type="stmt" count="0"/>
      <line num="657" type="stmt" count="0"/>
      <line num="660" type="stmt" count="1"/>
      <line num="662" type="stmt" count="1"/>
      <line num="663" type="stmt" count="1"/>
      <line num="664" type="stmt" count="1"/>
      <line num="665" type="stmt" count="1"/>
      <line num="666" type="stmt" count="1"/>
      <line num="667" type="stmt" count="1"/>
      <line num="668" type="stmt" count="1"/>
      <line num="669" type="stmt" count="1"/>
      <line num="670" type="stmt" count="1"/>
      <line num="671" type="stmt" count="1"/>
      <line num="674" type="stmt" count="1"/>
      <line num="692" type="method" name="ticket" visibility="public" complexity="7" crap="7.17" count="1"/>
      <line num="702" type="stmt" count="1"/>
      <line num="703" type="stmt" count="0"/>
      <line num="707" type="stmt" count="1"/>
      <line num="708" type="stmt" count="0"/>
      <line num="712" type="stmt" count="1"/>
      <line num="713" type="stmt" count="0"/>
      <line num="717" type="stmt" count="1"/>
      <line num="718" type="stmt" count="0"/>
      <line num="722" type="stmt" count="1"/>
      <line num="723" type="stmt" count="0"/>
      <line num="727" type="stmt" count="1"/>
      <line num="728" type="stmt" count="0"/>
      <line num="731" type="stmt" count="1"/>
      <line num="732" type="stmt" count="1"/>
      <line num="733" type="stmt" count="1"/>
      <line num="734" type="stmt" count="1"/>
      <line num="735" type="stmt" count="1"/>
      <line num="736" type="stmt" count="1"/>
      <line num="737" type="stmt" count="1"/>
      <line num="739" type="stmt" count="1"/>
      <line num="740" type="stmt" count="1"/>
      <line num="741" type="stmt" count="1"/>
      <line num="743" type="stmt" count="1"/>
      <line num="744" type="stmt" count="1"/>
      <line num="745" type="stmt" count="1"/>
      <line num="746" type="stmt" count="1"/>
      <line num="747" type="stmt" count="1"/>
      <line num="748" type="stmt" count="1"/>
      <line num="749" type="stmt" count="1"/>
      <line num="750" type="stmt" count="1"/>
      <line num="751" type="stmt" count="1"/>
      <line num="752" type="stmt" count="1"/>
      <line num="753" type="stmt" count="1"/>
      <line num="754" type="stmt" count="1"/>
      <line num="755" type="stmt" count="1"/>
      <line num="756" type="stmt" count="1"/>
      <line num="757" type="stmt" count="1"/>
      <line num="758" type="stmt" count="1"/>
      <line num="759" type="stmt" count="1"/>
      <line num="760" type="stmt" count="1"/>
      <line num="768" type="method" name="tickets" visibility="public" complexity="8" crap="8.19" count="1"/>
      <line num="779" type="stmt" count="1"/>
      <line num="780" type="stmt" count="0"/>
      <line num="784" type="stmt" count="1"/>
      <line num="785" type="stmt" count="0"/>
      <line num="789" type="stmt" count="1"/>
      <line num="790" type="stmt" count="0"/>
      <line num="794" type="stmt" count="1"/>
      <line num="795" type="stmt" count="0"/>
      <line num="799" type="stmt" count="1"/>
      <line num="800" type="stmt" count="0"/>
      <line num="804" type="stmt" count="1"/>
      <line num="805" type="stmt" count="0"/>
      <line num="808" type="stmt" count="1"/>
      <line num="809" type="stmt" count="1"/>
      <line num="810" type="stmt" count="1"/>
      <line num="811" type="stmt" count="1"/>
      <line num="812" type="stmt" count="1"/>
      <line num="813" type="stmt" count="1"/>
      <line num="814" type="stmt" count="1"/>
      <line num="816" type="stmt" count="1"/>
      <line num="817" type="stmt" count="1"/>
      <line num="818" type="stmt" count="1"/>
      <line num="820" type="stmt" count="1"/>
      <line num="822" type="stmt" count="1"/>
      <line num="823" type="stmt" count="1"/>
      <line num="824" type="stmt" count="1"/>
      <line num="825" type="stmt" count="1"/>
      <line num="826" type="stmt" count="1"/>
      <line num="827" type="stmt" count="1"/>
      <line num="828" type="stmt" count="1"/>
      <line num="829" type="stmt" count="1"/>
      <line num="830" type="stmt" count="1"/>
      <line num="831" type="stmt" count="1"/>
      <line num="832" type="stmt" count="1"/>
      <line num="833" type="stmt" count="1"/>
      <line num="834" type="stmt" count="1"/>
      <line num="835" type="stmt" count="1"/>
      <line num="836" type="stmt" count="1"/>
      <line num="837" type="stmt" count="1"/>
      <line num="838" type="stmt" count="1"/>
      <line num="839" type="stmt" count="1"/>
      <line num="842" type="stmt" count="1"/>
      <line num="853" type="method" name="addFilter" visibility="protected" complexity="3" crap="3.33" count="1"/>
      <line num="856" type="stmt" count="1"/>
      <line num="857" type="stmt" count="0"/>
      <line num="859" type="stmt" count="1"/>
      <metrics loc="864" ncloc="689" classes="1" methods="12" coveredmethods="2" conditionals="0" coveredconditionals="0" statements="374" coveredstatements="291" elements="386" coveredelements="293"/>
    </file>
    <file name="/Users/danielmullin/inShore/I000/bookwhen/src/BookwhenApi.php">
      <class name="InShore\Bookwhen\BookwhenApi" namespace="global">
        <metrics complexity="2" methods="2" coveredmethods="2" conditionals="0" coveredconditionals="0" statements="4" coveredstatements="4" elements="6" coveredelements="6"/>
      </class>
      <line num="15" type="method" name="client" visibility="public" complexity="1" crap="1" count="9"/>
      <line num="17" type="stmt" count="9"/>
      <line num="18" type="stmt" count="9"/>
      <line num="19" type="stmt" count="9"/>
      <line num="25" type="method" name="factory" visibility="public" complexity="1" crap="1" count="20"/>
      <line num="27" type="stmt" count="20"/>
      <metrics loc="31" ncloc="25" classes="1" methods="2" coveredmethods="2" conditionals="0" coveredconditionals="0" statements="4" coveredstatements="4" elements="6" coveredelements="6"/>
    </file>
    <file name="/Users/danielmullin/inShore/I000/bookwhen/src/Client.php">
      <class name="InShore\Bookwhen\Client" namespace="global">
        <metrics complexity="6" methods="6" coveredmethods="6" conditionals="0" coveredconditionals="0" statements="6" coveredstatements="6" elements="12" coveredelements="12"/>
      </class>
      <line num="43" type="method" name="__construct" visibility="public" complexity="1" crap="1" count="20"/>
      <line num="45" type="stmt" count="20"/>
      <line num="50" type="method" name="attachments" visibility="public" complexity="1" crap="1" count="2"/>
      <line num="52" type="stmt" count="2"/>
      <line num="58" type="method" name="classPasses" visibility="public" complexity="1" crap="1" count="2"/>
      <line num="60" type="stmt" count="2"/>
      <line num="65" type="method" name="events" visibility="public" complexity="1" crap="1" count="3"/>
      <line num="67" type="stmt" count="3"/>
      <line num="72" type="method" name="locations" visibility="public" complexity="1" crap="1" count="2"/>
      <line num="74" type="stmt" count="2"/>
      <line num="79" type="method" name="tickets" visibility="public" complexity="1" crap="1" count="2"/>
      <line num="81" type="stmt" count="2"/>
      <metrics loc="86" ncloc="54" classes="1" methods="6" coveredmethods="6" conditionals="0" coveredconditionals="0" statements="6" coveredstatements="6" elements="12" coveredelements="12"/>
    </file>
    <file name="/Users/danielmullin/inShore/I000/bookwhen/src/Contracts/ClientContract.php">
      <metrics loc="38" ncloc="23" classes="0" methods="0" coveredmethods="0" conditionals="0" coveredconditionals="0" statements="0" coveredstatements="0" elements="0" coveredelements="0"/>
    </file>
    <file name="/Users/danielmullin/inShore/I000/bookwhen/src/Contracts/Resources/AttachmentsContract.php">
      <metrics loc="24" ncloc="14" classes="0" methods="0" coveredmethods="0" conditionals="0" coveredconditionals="0" statements="0" coveredstatements="0" elements="0" coveredelements="0"/>
    </file>
    <file name="/Users/danielmullin/inShore/I000/bookwhen/src/Contracts/Resources/ClassPassesContract.php">
      <metrics loc="24" ncloc="14" classes="0" methods="0" coveredmethods="0" conditionals="0" coveredconditionals="0" statements="0" coveredstatements="0" elements="0" coveredelements="0"/>
    </file>
    <file name="/Users/danielmullin/inShore/I000/bookwhen/src/Contracts/Resources/EventsContract.php">
      <metrics loc="24" ncloc="14" classes="0" methods="0" coveredmethods="0" conditionals="0" coveredconditionals="0" statements="0" coveredstatements="0" elements="0" coveredelements="0"/>
    </file>
    <file name="/Users/danielmullin/inShore/I000/bookwhen/src/Contracts/Resources/LocationsContract.php">
      <metrics loc="24" ncloc="14" classes="0" methods="0" coveredmethods="0" conditionals="0" coveredconditionals="0" statements="0" coveredstatements="0" elements="0" coveredelements="0"/>
    </file>
    <file name="/Users/danielmullin/inShore/I000/bookwhen/src/Contracts/Resources/TicketsContract.php">
      <metrics loc="24" ncloc="14" classes="0" methods="0" coveredmethods="0" conditionals="0" coveredconditionals="0" statements="0" coveredstatements="0" elements="0" coveredelements="0"/>
    </file>
    <file name="/Users/danielmullin/inShore/I000/bookwhen/src/Contracts/ResponseContract.php">
      <metrics loc="17" ncloc="10" classes="0" methods="0" coveredmethods="0" conditionals="0" coveredconditionals="0" statements="0" coveredstatements="0" elements="0" coveredelements="0"/>
    </file>
    <file name="/Users/danielmullin/inShore/I000/bookwhen/src/Contracts/StringableContract.php">
      <metrics loc="17" ncloc="11" classes="0" methods="0" coveredmethods="0" conditionals="0" coveredconditionals="0" statements="0" coveredstatements="0" elements="0" coveredelements="0"/>
    </file>
    <file name="/Users/danielmullin/inShore/I000/bookwhen/src/Contracts/TransporterContract.php">
      <metrics loc="28" ncloc="18" classes="0" methods="0" coveredmethods="0" conditionals="0" coveredconditionals="0" statements="0" coveredstatements="0" elements="0" coveredelements="0"/>
    </file>
    <file name="/Users/danielmullin/inShore/I000/bookwhen/src/Domain/Attachment.php">
      <class name="InShore\Bookwhen\Domain\Attachment" namespace="global">
        <metrics complexity="1" methods="1" coveredmethods="1" conditionals="0" coveredconditionals="0" statements="1" coveredstatements="1" elements="2" coveredelements="2"/>
      </class>
      <line num="15" type="method" name="__construct" visibility="public" complexity="1" crap="1" count="2"/>
      <line num="25" type="stmt" count="2"/>
      <metrics loc="27" ncloc="23" classes="1" methods="1" coveredmethods="1" conditionals="0" coveredconditionals="0" statements="1" coveredstatements="1" elements="2" coveredelements="2"/>
    </file>
    <file name="/Users/danielmullin/inShore/I000/bookwhen/src/Domain/ClassPass.php">
      <class name="InShore\Bookwhen\Domain\ClassPass" namespace="global">
        <metrics complexity="1" methods="1" coveredmethods="1" conditionals="0" coveredconditionals="0" statements="1" coveredstatements="1" elements="2" coveredelements="2"/>
      </class>
      <line num="12" type="method" name="__construct" visibility="public" complexity="1" crap="1" count="2"/>
      <line num="21" type="stmt" count="2"/>
      <metrics loc="23" ncloc="20" classes="1" methods="1" coveredmethods="1" conditionals="0" coveredconditionals="0" statements="1" coveredstatements="1" elements="2" coveredelements="2"/>
    </file>
    <file name="/Users/danielmullin/inShore/I000/bookwhen/src/Domain/Event.php">
      <class name="InShore\Bookwhen\Domain\Event" namespace="global">
        <metrics complexity="1" methods="1" coveredmethods="1" conditionals="0" coveredconditionals="0" statements="3" coveredstatements="3" elements="4" coveredelements="4"/>
      </class>
      <line num="30" type="method" name="__construct" visibility="public" complexity="1" crap="1" count="3"/>
      <line num="45" type="stmt" count="3"/>
      <line num="46" type="stmt" count="3"/>
      <line num="47" type="stmt" count="3"/>
      <metrics loc="50" ncloc="36" classes="1" methods="1" coveredmethods="1" conditionals="0" coveredconditionals="0" statements="3" coveredstatements="3" elements="4" coveredelements="4"/>
    </file>
    <file name="/Users/danielmullin/inShore/I000/bookwhen/src/Domain/Location.php">
      <class name="InShore\Bookwhen\Domain\Location" namespace="global">
        <metrics complexity="1" methods="1" coveredmethods="1" conditionals="0" coveredconditionals="0" statements="1" coveredstatements="1" elements="2" coveredelements="2"/>
      </class>
      <line num="12" type="method" name="__construct" visibility="public" complexity="1" crap="1" count="5"/>
      <line num="21" type="stmt" count="5"/>
      <metrics loc="23" ncloc="20" classes="1" methods="1" coveredmethods="1" conditionals="0" coveredconditionals="0" statements="1" coveredstatements="1" elements="2" coveredelements="2"/>
    </file>
    <file name="/Users/danielmullin/inShore/I000/bookwhen/src/Domain/Ticket.php">
      <class name="InShore\Bookwhen\Domain\Ticket" namespace="global">
        <metrics complexity="1" methods="1" coveredmethods="1" conditionals="0" coveredconditionals="0" statements="1" coveredstatements="1" elements="2" coveredelements="2"/>
      </class>
      <line num="14" type="method" name="__construct" visibility="public" complexity="1" crap="1" count="5"/>
      <line num="31" type="stmt" count="5"/>
      <metrics loc="33" ncloc="30" classes="1" methods="1" coveredmethods="1" conditionals="0" coveredconditionals="0" statements="1" coveredstatements="1" elements="2" coveredelements="2"/>
    </file>
    <file name="/Users/danielmullin/inShore/I000/bookwhen/src/Enums/Transporter/ContentType.php">
      <metrics loc="15" ncloc="12" classes="0" methods="0" coveredmethods="0" conditionals="0" coveredconditionals="0" statements="0" coveredstatements="0" elements="0" coveredelements="0"/>
    </file>
    <file name="/Users/danielmullin/inShore/I000/bookwhen/src/Enums/Transporter/Method.php">
      <metrics loc="17" ncloc="14" classes="0" methods="0" coveredmethods="0" conditionals="0" coveredconditionals="0" statements="0" coveredstatements="0" elements="0" coveredelements="0"/>
    </file>
    <file name="/Users/danielmullin/inShore/I000/bookwhen/src/Exceptions/ConfigurationException.php">
      <class name="InShore\Bookwhen\Exceptions\ConfigurationException" namespace="global">
        <metrics complexity="0" methods="0" coveredmethods="0" conditionals="0" coveredconditionals="0" statements="0" coveredstatements="0" elements="0" coveredelements="0"/>
      </class>
      <metrics loc="17" ncloc="11" classes="0" methods="0" coveredmethods="0" conditionals="0" coveredconditionals="0" statements="0" coveredstatements="0" elements="0" coveredelements="0"/>
    </file>
    <file name="/Users/danielmullin/inShore/I000/bookwhen/src/Exceptions/ErrorException.php">
      <class name="InShore\Bookwhen\Exceptions\ErrorException" namespace="global">
        <metrics complexity="4" methods="4" coveredmethods="0" conditionals="0" coveredconditionals="0" statements="4" coveredstatements="0" elements="8" coveredelements="0"/>
      </class>
      <line num="16" type="method" name="__construct" visibility="public" complexity="1" crap="2" count="0"/>
      <line num="18" type="stmt" count="0"/>
      <line num="24" type="method" name="getErrorMessage" visibility="public" complexity="1" crap="2" count="0"/>
      <line num="26" type="stmt" count="0"/>
      <line num="32" type="method" name="getErrorType" visibility="public" complexity="1" crap="2" count="0"/>
      <line num="34" type="stmt" count="0"/>
      <line num="40" type="method" name="getErrorCode" visibility="public" complexity="1" crap="2" count="0"/>
      <line num="42" type="stmt" count="0"/>
      <metrics loc="45" ncloc="31" classes="1" methods="4" coveredmethods="0" conditionals="0" coveredconditionals="0" statements="4" coveredstatements="0" elements="8" coveredelements="0"/>
    </file>
    <file name="/Users/danielmullin/inShore/I000/bookwhen/src/Exceptions/InshoreBookwhenException.php">
      <class name="InShore\Bookwhen\Exceptions\InshoreBookwhenException" namespace="global">
        <metrics complexity="0" methods="0" coveredmethods="0" conditionals="0" coveredconditionals="0" statements="0" coveredstatements="0" elements="0" coveredelements="0"/>
      </class>
      <metrics loc="17" ncloc="10" classes="0" methods="0" coveredmethods="0" conditionals="0" coveredconditionals="0" statements="0" coveredstatements="0" elements="0" coveredelements="0"/>
    </file>
    <file name="/Users/danielmullin/inShore/I000/bookwhen/src/Exceptions/InvalidArgumentException.php">
      <class name="InShore\Bookwhen\Exceptions\InvalidArgumentException" namespace="global">
        <metrics complexity="0" methods="0" coveredmethods="0" conditionals="0" coveredconditionals="0" statements="0" coveredstatements="0" elements="0" coveredelements="0"/>
      </class>
      <metrics loc="12" ncloc="12" classes="0" methods="0" coveredmethods="0" conditionals="0" coveredconditionals="0" statements="0" coveredstatements="0" elements="0" coveredelements="0"/>
    </file>
    <file name="/Users/danielmullin/inShore/I000/bookwhen/src/Exceptions/RestException.php">
      <class name="InShore\Bookwhen\Exceptions\RestException" namespace="global">
        <metrics complexity="2" methods="2" coveredmethods="0" conditionals="0" coveredconditionals="0" statements="5" coveredstatements="0" elements="7" coveredelements="0"/>
      </class>
      <line num="25" type="method" name="__construct" visibility="public" complexity="1" crap="2" count="0"/>
      <line num="27" type="stmt" count="0"/>
      <line num="28" type="stmt" count="0"/>
      <line num="35" type="method" name="errorMessage" visibility="public" complexity="1" crap="2" count="0"/>
      <line num="37" type="stmt" count="0"/>
      <line num="38" type="stmt" count="0"/>
      <line num="39" type="stmt" count="0"/>
      <metrics loc="44" ncloc="27" classes="1" methods="2" coveredmethods="0" conditionals="0" coveredconditionals="0" statements="5" coveredstatements="0" elements="7" coveredelements="0"/>
    </file>
    <file name="/Users/danielmullin/inShore/I000/bookwhen/src/Exceptions/TransporterException.php">
      <class name="InShore\Bookwhen\Exceptions\TransporterException" namespace="global">
        <metrics complexity="1" methods="1" coveredmethods="0" conditionals="0" coveredconditionals="0" statements="1" coveredstatements="0" elements="2" coveredelements="0"/>
      </class>
      <line num="15" type="method" name="__construct" visibility="public" complexity="1" crap="2" count="0"/>
      <line num="17" type="stmt" count="0"/>
      <metrics loc="20" ncloc="17" classes="1" methods="1" coveredmethods="0" conditionals="0" coveredconditionals="0" statements="1" coveredstatements="0" elements="2" coveredelements="0"/>
    </file>
    <file name="/Users/danielmullin/inShore/I000/bookwhen/src/Exceptions/UnserializableResponse.php">
      <class name="InShore\Bookwhen\Exceptions\UnserializableResponse" namespace="global">
        <metrics complexity="1" methods="1" coveredmethods="0" conditionals="0" coveredconditionals="0" statements="1" coveredstatements="0" elements="2" coveredelements="0"/>
      </class>
      <line num="15" type="method" name="__construct" visibility="public" complexity="1" crap="2" count="0"/>
      <line num="17" type="stmt" count="0"/>
      <metrics loc="20" ncloc="17" classes="1" methods="1" coveredmethods="0" conditionals="0" coveredconditionals="0" statements="1" coveredstatements="0" elements="2" coveredelements="0"/>
    </file>
    <file name="/Users/danielmullin/inShore/I000/bookwhen/src/Exceptions/ValidationException.php">
      <class name="InShore\Bookwhen\Exceptions\ValidationException" namespace="global">
        <metrics complexity="2" methods="2" coveredmethods="1" conditionals="0" coveredconditionals="0" statements="3" coveredstatements="2" elements="5" coveredelements="3"/>
      </class>
      <line num="25" type="method" name="__construct" visibility="public" complexity="1" crap="1" count="2"/>
      <line num="27" type="stmt" count="2"/>
      <line num="28" type="stmt" count="2"/>
      <line num="35" type="method" name="errorMessage" visibility="public" complexity="1" crap="2" count="0"/>
      <line num="37" type="stmt" count="0"/>
      <metrics loc="42" ncloc="27" classes="1" methods="2" coveredmethods="1" conditionals="0" coveredconditionals="0" statements="3" coveredstatements="2" elements="5" coveredelements="3"/>
    </file>
    <file name="/Users/danielmullin/inShore/I000/bookwhen/src/Factory.php">
      <class name="InShore\Bookwhen\Factory" namespace="global">
        <metrics complexity="8" methods="5" coveredmethods="2" conditionals="0" coveredconditionals="0" statements="18" coveredstatements="13" elements="23" coveredelements="15"/>
      </class>
      <line num="41" type="method" name="withApiKey" visibility="public" complexity="1" crap="1" count="20"/>
      <line num="43" type="stmt" count="20"/>
      <line num="45" type="stmt" count="20"/>
      <line num="52" type="method" name="withBaseUri" visibility="public" complexity="1" crap="2" count="0"/>
      <line num="54" type="stmt" count="0"/>
      <line num="56" type="stmt" count="0"/>
      <line num="63" type="method" name="withHttpClient" visibility="public" complexity="1" crap="1" count="11"/>
      <line num="65" type="stmt" count="11"/>
      <line num="67" type="stmt" count="11"/>
      <line num="73" type="method" name="withQueryParam" visibility="public" complexity="1" crap="2" count="0"/>
      <line num="75" type="stmt" count="0"/>
      <line num="77" type="stmt" count="0"/>
      <line num="83" type="method" name="make" visibility="public" complexity="4" crap="4.02" count="20"/>
      <line num="85" type="stmt" count="20"/>
      <line num="87" type="stmt" count="20"/>
      <line num="88" type="stmt" count="20"/>
      <line num="91" type="stmt" count="20"/>
      <line num="93" type="stmt" count="20"/>
      <line num="94" type="stmt" count="20"/>
      <line num="95" type="stmt" count="0"/>
      <line num="98" type="stmt" count="20"/>
      <line num="100" type="stmt" count="20"/>
      <line num="102" type="stmt" count="20"/>
      <metrics loc="105" ncloc="74" classes="1" methods="5" coveredmethods="2" conditionals="0" coveredconditionals="0" statements="18" coveredstatements="13" elements="23" coveredelements="15"/>
    </file>
    <file name="/Users/danielmullin/inShore/I000/bookwhen/src/Interfaces/BookwhenInterface.php">
      <metrics loc="223" ncloc="66" classes="0" methods="0" coveredmethods="0" conditionals="0" coveredconditionals="0" statements="0" coveredstatements="0" elements="0" coveredelements="0"/>
    </file>
    <file name="/Users/danielmullin/inShore/I000/bookwhen/src/Interfaces/ClientInterface.php">
      <metrics loc="189" ncloc="22" classes="0" methods="0" coveredmethods="0" conditionals="0" coveredconditionals="0" statements="0" coveredstatements="0" elements="0" coveredelements="0"/>
    </file>
    <file name="/Users/danielmullin/inShore/I000/bookwhen/src/Interfaces/ValidatorInterface.php">
      <metrics loc="145" ncloc="54" classes="0" methods="0" coveredmethods="0" conditionals="0" coveredconditionals="0" statements="0" coveredstatements="0" elements="0" coveredelements="0"/>
    </file>
    <file name="/Users/danielmullin/inShore/I000/bookwhen/src/Resources/Attachments.php">
      <class name="InShore\Bookwhen\Resources\Attachments" namespace="global">
        <metrics complexity="2" methods="2" coveredmethods="2" conditionals="0" coveredconditionals="0" statements="6" coveredstatements="6" elements="8" coveredelements="8"/>
      </class>
      <line num="21" type="method" name="list" visibility="public" complexity="1" crap="1" count="1"/>
      <line num="23" type="stmt" count="1"/>
      <line num="26" type="stmt" count="1"/>
      <line num="28" type="stmt" count="1"/>
      <line num="36" type="method" name="retrieve" visibility="public" complexity="1" crap="1" count="1"/>
      <line num="38" type="stmt" count="1"/>
      <line num="41" type="stmt" count="1"/>
      <line num="43" type="stmt" count="1"/>
      <metrics loc="46" ncloc="34" classes="1" methods="2" coveredmethods="2" conditionals="0" coveredconditionals="0" statements="6" coveredstatements="6" elements="8" coveredelements="8"/>
    </file>
    <file name="/Users/danielmullin/inShore/I000/bookwhen/src/Resources/ClassPasses.php">
      <class name="InShore\Bookwhen\Resources\ClassPasses" namespace="global">
        <metrics complexity="2" methods="2" coveredmethods="2" conditionals="0" coveredconditionals="0" statements="6" coveredstatements="6" elements="8" coveredelements="8"/>
      </class>
      <line num="21" type="method" name="list" visibility="public" complexity="1" crap="1" count="1"/>
      <line num="23" type="stmt" count="1"/>
      <line num="26" type="stmt" count="1"/>
      <line num="28" type="stmt" count="1"/>
      <line num="36" type="method" name="retrieve" visibility="public" complexity="1" crap="1" count="1"/>
      <line num="38" type="stmt" count="1"/>
      <line num="41" type="stmt" count="1"/>
      <line num="43" type="stmt" count="1"/>
      <metrics loc="46" ncloc="34" classes="1" methods="2" coveredmethods="2" conditionals="0" coveredconditionals="0" statements="6" coveredstatements="6" elements="8" coveredelements="8"/>
    </file>
    <file name="/Users/danielmullin/inShore/I000/bookwhen/src/Resources/Concerns/Transportable.php">
      <class name="InShore\Bookwhen\Resources\Concerns\Transportable" namespace="global">
        <metrics complexity="1" methods="1" coveredmethods="1" conditionals="0" coveredconditionals="0" statements="1" coveredstatements="1" elements="2" coveredelements="2"/>
      </class>
      <line num="14" type="method" name="__construct" visibility="public" complexity="1" crap="1" count="11"/>
      <line num="17" type="stmt" count="11"/>
      <metrics loc="19" ncloc="15" classes="1" methods="1" coveredmethods="1" conditionals="0" coveredconditionals="0" statements="1" coveredstatements="1" elements="2" coveredelements="2"/>
    </file>
    <file name="/Users/danielmullin/inShore/I000/bookwhen/src/Resources/Events.php">
      <class name="InShore\Bookwhen\Resources\Events" namespace="global">
        <metrics complexity="3" methods="2" coveredmethods="2" conditionals="0" coveredconditionals="0" statements="8" coveredstatements="8" elements="10" coveredelements="10"/>
      </class>
      <line num="21" type="method" name="list" visibility="public" complexity="1" crap="1" count="1"/>
      <line num="23" type="stmt" count="1"/>
      <line num="26" type="stmt" count="1"/>
      <line num="28" type="stmt" count="1"/>
      <line num="36" type="method" name="retrieve" visibility="public" complexity="2" crap="2" count="2"/>
      <line num="38" type="stmt" count="2"/>
      <line num="41" type="stmt" count="2"/>
      <line num="43" type="stmt" count="2"/>
      <line num="44" type="stmt" count="1"/>
      <line num="46" type="stmt" count="1"/>
      <metrics loc="50" ncloc="38" classes="1" methods="2" coveredmethods="2" conditionals="0" coveredconditionals="0" statements="8" coveredstatements="8" elements="10" coveredelements="10"/>
    </file>
    <file name="/Users/danielmullin/inShore/I000/bookwhen/src/Resources/Locations.php">
      <class name="InShore\Bookwhen\Resources\Locations" namespace="global">
        <metrics complexity="2" methods="2" coveredmethods="2" conditionals="0" coveredconditionals="0" statements="6" coveredstatements="6" elements="8" coveredelements="8"/>
      </class>
      <line num="21" type="method" name="list" visibility="public" complexity="1" crap="1" count="1"/>
      <line num="23" type="stmt" count="1"/>
      <line num="26" type="stmt" count="1"/>
      <line num="28" type="stmt" count="1"/>
      <line num="36" type="method" name="retrieve" visibility="public" complexity="1" crap="1" count="1"/>
      <line num="38" type="stmt" count="1"/>
      <line num="41" type="stmt" count="1"/>
      <line num="43" type="stmt" count="1"/>
      <metrics loc="46" ncloc="34" classes="1" methods="2" coveredmethods="2" conditionals="0" coveredconditionals="0" statements="6" coveredstatements="6" elements="8" coveredelements="8"/>
    </file>
    <file name="/Users/danielmullin/inShore/I000/bookwhen/src/Resources/Tickets.php">
      <class name="InShore\Bookwhen\Resources\Tickets" namespace="global">
        <metrics complexity="4" methods="2" coveredmethods="0" conditionals="0" coveredconditionals="0" statements="10" coveredstatements="8" elements="12" coveredelements="8"/>
      </class>
      <line num="21" type="method" name="list" visibility="public" complexity="2" crap="2.03" count="1"/>
      <line num="23" type="stmt" count="1"/>
      <line num="26" type="stmt" count="1"/>
      <line num="28" type="stmt" count="1"/>
      <line num="29" type="stmt" count="1"/>
      <line num="31" type="stmt" count="0"/>
      <line num="40" type="method" name="retrieve" visibility="public" complexity="2" crap="2.03" count="1"/>
      <line num="42" type="stmt" count="1"/>
      <line num="45" type="stmt" count="1"/>
      <line num="47" type="stmt" count="1"/>
      <line num="48" type="stmt" count="1"/>
      <line num="50" type="stmt" count="0"/>
      <metrics loc="54" ncloc="42" classes="1" methods="2" coveredmethods="0" conditionals="0" coveredconditionals="0" statements="10" coveredstatements="8" elements="12" coveredelements="8"/>
    </file>
    <file name="/Users/danielmullin/inShore/I000/bookwhen/src/Responses/Attachments/ListResponse.php">
      <class name="InShore\Bookwhen\Responses\Attachments\ListResponse" namespace="global">
        <metrics complexity="2" methods="2" coveredmethods="2" conditionals="0" coveredconditionals="0" statements="7" coveredstatements="7" elements="9" coveredelements="9"/>
      </class>
      <line num="20" type="method" name="__construct" visibility="private" complexity="1" crap="1" count="1"/>
      <line num="23" type="stmt" count="1"/>
      <line num="30" type="method" name="from" visibility="public" complexity="1" crap="1" count="1"/>
      <line num="32" type="stmt" count="1"/>
      <line num="33" type="stmt" count="1"/>
      <line num="34" type="stmt" count="1"/>
      <line num="36" type="stmt" count="1"/>
      <line num="37" type="stmt" count="1"/>
      <line num="38" type="stmt" count="1"/>
      <metrics loc="41" ncloc="29" classes="1" methods="2" coveredmethods="2" conditionals="0" coveredconditionals="0" statements="7" coveredstatements="7" elements="9" coveredelements="9"/>
    </file>
    <file name="/Users/danielmullin/inShore/I000/bookwhen/src/Responses/Attachments/RetrieveResponse.php">
      <class name="InShore\Bookwhen\Responses\Attachments\RetrieveResponse" namespace="global">
        <metrics complexity="2" methods="2" coveredmethods="2" conditionals="0" coveredconditionals="0" statements="11" coveredstatements="11" elements="13" coveredelements="13"/>
      </class>
      <line num="17" type="method" name="__construct" visibility="private" complexity="1" crap="1" count="6"/>
      <line num="27" type="stmt" count="6"/>
      <line num="34" type="method" name="from" visibility="public" complexity="1" crap="1" count="6"/>
      <line num="36" type="stmt" count="6"/>
      <line num="37" type="stmt" count="6"/>
      <line num="38" type="stmt" count="6"/>
      <line num="39" type="stmt" count="6"/>
      <line num="40" type="stmt" count="6"/>
      <line num="41" type="stmt" count="6"/>
      <line num="42" type="stmt" count="6"/>
      <line num="43" type="stmt" count="6"/>
      <line num="44" type="stmt" count="6"/>
      <line num="45" type="stmt" count="6"/>
      <metrics loc="48" ncloc="37" classes="1" methods="2" coveredmethods="2" conditionals="0" coveredconditionals="0" statements="11" coveredstatements="11" elements="13" coveredelements="13"/>
    </file>
    <file name="/Users/danielmullin/inShore/I000/bookwhen/src/Responses/ClassPasses/ListResponse.php">
      <class name="InShore\Bookwhen\Responses\ClassPasses\ListResponse" namespace="global">
        <metrics complexity="2" methods="2" coveredmethods="2" conditionals="0" coveredconditionals="0" statements="7" coveredstatements="7" elements="9" coveredelements="9"/>
      </class>
      <line num="20" type="method" name="__construct" visibility="private" complexity="1" crap="1" count="1"/>
      <line num="23" type="stmt" count="1"/>
      <line num="30" type="method" name="from" visibility="public" complexity="1" crap="1" count="1"/>
      <line num="33" type="stmt" count="1"/>
      <line num="34" type="stmt" count="1"/>
      <line num="35" type="stmt" count="1"/>
      <line num="37" type="stmt" count="1"/>
      <line num="38" type="stmt" count="1"/>
      <line num="39" type="stmt" count="1"/>
      <metrics loc="42" ncloc="30" classes="1" methods="2" coveredmethods="2" conditionals="0" coveredconditionals="0" statements="7" coveredstatements="7" elements="9" coveredelements="9"/>
    </file>
    <file name="/Users/danielmullin/inShore/I000/bookwhen/src/Responses/ClassPasses/RetrieveResponse.php">
      <class name="InShore\Bookwhen\Responses\ClassPasses\RetrieveResponse" namespace="global">
        <metrics complexity="2" methods="2" coveredmethods="2" conditionals="0" coveredconditionals="0" statements="10" coveredstatements="10" elements="12" coveredelements="12"/>
      </class>
      <line num="27" type="method" name="__construct" visibility="private" complexity="1" crap="1" count="4"/>
      <line num="36" type="stmt" count="4"/>
      <line num="43" type="method" name="from" visibility="public" complexity="1" crap="1" count="4"/>
      <line num="46" type="stmt" count="4"/>
      <line num="47" type="stmt" count="4"/>
      <line num="48" type="stmt" count="4"/>
      <line num="49" type="stmt" count="4"/>
      <line num="50" type="stmt" count="4"/>
      <line num="51" type="stmt" count="4"/>
      <line num="52" type="stmt" count="4"/>
      <line num="53" type="stmt" count="4"/>
      <line num="54" type="stmt" count="4"/>
      <metrics loc="57" ncloc="41" classes="1" methods="2" coveredmethods="2" conditionals="0" coveredconditionals="0" statements="10" coveredstatements="10" elements="12" coveredelements="12"/>
    </file>
    <file name="/Users/danielmullin/inShore/I000/bookwhen/src/Responses/Concerns/ArrayAccessible.php">
      <class name="InShore\Bookwhen\Responses\Concerns\ArrayAccessible" namespace="global">
        <metrics complexity="4" methods="4" coveredmethods="0" conditionals="0" coveredconditionals="0" statements="4" coveredstatements="0" elements="8" coveredelements="0"/>
      </class>
      <line num="19" type="method" name="offsetExists" visibility="public" complexity="1" crap="2" count="0"/>
      <line num="21" type="stmt" count="0"/>
      <line num="27" type="method" name="offsetGet" visibility="public" complexity="1" crap="2" count="0"/>
      <line num="29" type="stmt" count="0"/>
      <line num="35" type="method" name="offsetSet" visibility="public" complexity="1" crap="2" count="0"/>
      <line num="37" type="stmt" count="0"/>
      <line num="43" type="method" name="offsetUnset" visibility="public" complexity="1" crap="2" count="0"/>
      <line num="45" type="stmt" count="0"/>
      <metrics loc="48" ncloc="31" classes="1" methods="4" coveredmethods="0" conditionals="0" coveredconditionals="0" statements="4" coveredstatements="0" elements="8" coveredelements="0"/>
    </file>
    <file name="/Users/danielmullin/inShore/I000/bookwhen/src/Responses/Events/ListResponse.php">
      <class name="InShore\Bookwhen\Responses\Events\ListResponse" namespace="global">
        <metrics complexity="3" methods="2" coveredmethods="1" conditionals="0" coveredconditionals="0" statements="11" coveredstatements="10" elements="13" coveredelements="11"/>
      </class>
      <line num="18" type="method" name="__construct" visibility="private" complexity="1" crap="1" count="1"/>
      <line num="21" type="stmt" count="1"/>
      <line num="28" type="method" name="from" visibility="public" complexity="2" crap="2.00" count="1"/>
      <line num="30" type="stmt" count="1"/>
      <line num="31" type="stmt" count="1"/>
      <line num="32" type="stmt" count="0"/>
      <line num="35" type="stmt" count="1"/>
      <line num="36" type="stmt" count="1"/>
      <line num="37" type="stmt" count="1"/>
      <line num="38" type="stmt" count="1"/>
      <line num="40" type="stmt" count="1"/>
      <line num="41" type="stmt" count="1"/>
      <line num="42" type="stmt" count="1"/>
      <metrics loc="45" ncloc="34" classes="1" methods="2" coveredmethods="1" conditionals="0" coveredconditionals="0" statements="11" coveredstatements="10" elements="13" coveredelements="11"/>
    </file>
    <file name="/Users/danielmullin/inShore/I000/bookwhen/src/Responses/Events/RetrieveResponse.php">
      <class name="InShore\Bookwhen\Responses\Events\RetrieveResponse" namespace="global">
        <metrics complexity="10" methods="2" coveredmethods="1" conditionals="0" coveredconditionals="0" statements="39" coveredstatements="37" elements="41" coveredelements="38"/>
      </class>
      <line num="20" type="method" name="__construct" visibility="private" complexity="1" crap="1" count="4"/>
      <line num="35" type="stmt" count="4"/>
      <line num="42" type="method" name="from" visibility="public" complexity="9" crap="9.01" count="4"/>
      <line num="47" type="stmt" count="4"/>
      <line num="48" type="stmt" count="4"/>
      <line num="49" type="stmt" count="2"/>
      <line num="50" type="stmt" count="2"/>
      <line num="51" type="stmt" count="2"/>
      <line num="55" type="stmt" count="4"/>
      <line num="56" type="stmt" count="4"/>
      <line num="57" type="stmt" count="1"/>
      <line num="58" type="stmt" count="1"/>
      <line num="60" type="stmt" count="0"/>
      <line num="61" type="stmt" count="4"/>
      <line num="62" type="stmt" count="4"/>
      <line num="63" type="stmt" count="4"/>
      <line num="66" type="stmt" count="4"/>
      <line num="67" type="stmt" count="4"/>
      <line num="68" type="stmt" count="4"/>
      <line num="69" type="stmt" count="4"/>
      <line num="70" type="stmt" count="4"/>
      <line num="73" type="stmt" count="4"/>
      <line num="74" type="stmt" count="1"/>
      <line num="75" type="stmt" count="1"/>
      <line num="76" type="stmt" count="1"/>
      <line num="77" type="stmt" count="0"/>
      <line num="83" type="stmt" count="4"/>
      <line num="84" type="stmt" count="4"/>
      <line num="85" type="stmt" count="4"/>
      <line num="86" type="stmt" count="4"/>
      <line num="87" type="stmt" count="4"/>
      <line num="88" type="stmt" count="4"/>
      <line num="89" type="stmt" count="4"/>
      <line num="90" type="stmt" count="4"/>
      <line num="91" type="stmt" count="4"/>
      <line num="92" type="stmt" count="4"/>
      <line num="93" type="stmt" count="4"/>
      <line num="94" type="stmt" count="4"/>
      <line num="95" type="stmt" count="4"/>
      <line num="96" type="stmt" count="4"/>
      <line num="97" type="stmt" count="4"/>
      <metrics loc="100" ncloc="85" classes="1" methods="2" coveredmethods="1" conditionals="0" coveredconditionals="0" statements="39" coveredstatements="37" elements="41" coveredelements="38"/>
    </file>
    <file name="/Users/danielmullin/inShore/I000/bookwhen/src/Responses/Locations/ListResponse.php">
      <class name="InShore\Bookwhen\Responses\Locations\ListResponse" namespace="global">
        <metrics complexity="2" methods="2" coveredmethods="2" conditionals="0" coveredconditionals="0" statements="7" coveredstatements="7" elements="9" coveredelements="9"/>
      </class>
      <line num="18" type="method" name="__construct" visibility="private" complexity="1" crap="1" count="1"/>
      <line num="21" type="stmt" count="1"/>
      <line num="28" type="method" name="from" visibility="public" complexity="1" crap="1" count="1"/>
      <line num="31" type="stmt" count="1"/>
      <line num="32" type="stmt" count="1"/>
      <line num="33" type="stmt" count="1"/>
      <line num="35" type="stmt" count="1"/>
      <line num="36" type="stmt" count="1"/>
      <line num="37" type="stmt" count="1"/>
      <metrics loc="40" ncloc="29" classes="1" methods="2" coveredmethods="2" conditionals="0" coveredconditionals="0" statements="7" coveredstatements="7" elements="9" coveredelements="9"/>
    </file>
    <file name="/Users/danielmullin/inShore/I000/bookwhen/src/Responses/Locations/RetrieveResponse.php">
      <class name="InShore\Bookwhen\Responses\Locations\RetrieveResponse" namespace="global">
        <metrics complexity="2" methods="2" coveredmethods="2" conditionals="0" coveredconditionals="0" statements="10" coveredstatements="10" elements="12" coveredelements="12"/>
      </class>
      <line num="17" type="method" name="__construct" visibility="private" complexity="1" crap="1" count="8"/>
      <line num="26" type="stmt" count="8"/>
      <line num="33" type="method" name="from" visibility="public" complexity="1" crap="1" count="8"/>
      <line num="35" type="stmt" count="8"/>
      <line num="36" type="stmt" count="8"/>
      <line num="37" type="stmt" count="8"/>
      <line num="38" type="stmt" count="8"/>
      <line num="39" type="stmt" count="8"/>
      <line num="40" type="stmt" count="8"/>
      <line num="41" type="stmt" count="8"/>
      <line num="42" type="stmt" count="8"/>
      <line num="43" type="stmt" count="8"/>
      <metrics loc="46" ncloc="35" classes="1" methods="2" coveredmethods="2" conditionals="0" coveredconditionals="0" statements="10" coveredstatements="10" elements="12" coveredelements="12"/>
    </file>
    <file name="/Users/danielmullin/inShore/I000/bookwhen/src/Responses/Tickets/ListResponse.php">
      <class name="InShore\Bookwhen\Responses\Tickets\ListResponse" namespace="global">
        <metrics complexity="2" methods="2" coveredmethods="2" conditionals="0" coveredconditionals="0" statements="7" coveredstatements="7" elements="9" coveredelements="9"/>
      </class>
      <line num="18" type="method" name="__construct" visibility="private" complexity="1" crap="1" count="1"/>
      <line num="21" type="stmt" count="1"/>
      <line num="28" type="method" name="from" visibility="public" complexity="1" crap="1" count="1"/>
      <line num="30" type="stmt" count="1"/>
      <line num="31" type="stmt" count="1"/>
      <line num="32" type="stmt" count="1"/>
      <line num="34" type="stmt" count="1"/>
      <line num="35" type="stmt" count="1"/>
      <line num="36" type="stmt" count="1"/>
      <metrics loc="39" ncloc="28" classes="1" methods="2" coveredmethods="2" conditionals="0" coveredconditionals="0" statements="7" coveredstatements="7" elements="9" coveredelements="9"/>
    </file>
    <file name="/Users/danielmullin/inShore/I000/bookwhen/src/Responses/Tickets/RetrieveResponse.php">
      <class name="InShore\Bookwhen\Responses\Tickets\RetrieveResponse" namespace="global">
        <metrics complexity="3" methods="2" coveredmethods="2" conditionals="0" coveredconditionals="0" statements="23" coveredstatements="23" elements="25" coveredelements="25"/>
      </class>
      <line num="17" type="method" name="__construct" visibility="private" complexity="1" crap="1" count="8"/>
      <line num="34" type="stmt" count="8"/>
      <line num="41" type="method" name="from" visibility="public" complexity="2" crap="2" count="8"/>
      <line num="44" type="stmt" count="8"/>
      <line num="45" type="stmt" count="8"/>
      <line num="46" type="stmt" count="2"/>
      <line num="47" type="stmt" count="2"/>
      <line num="48" type="stmt" count="2"/>
      <line num="51" type="stmt" count="8"/>
      <line num="52" type="stmt" count="8"/>
      <line num="53" type="stmt" count="8"/>
      <line num="54" type="stmt" count="8"/>
      <line num="55" type="stmt" count="8"/>
      <line num="56" type="stmt" count="8"/>
      <line num="57" type="stmt" count="8"/>
      <line num="58" type="stmt" count="8"/>
      <line num="59" type="stmt" count="8"/>
      <line num="60" type="stmt" count="8"/>
      <line num="61" type="stmt" count="8"/>
      <line num="62" type="stmt" count="8"/>
      <line num="63" type="stmt" count="8"/>
      <line num="64" type="stmt" count="8"/>
      <line num="65" type="stmt" count="8"/>
      <line num="66" type="stmt" count="8"/>
      <line num="67" type="stmt" count="8"/>
      <metrics loc="70" ncloc="59" classes="1" methods="2" coveredmethods="2" conditionals="0" coveredconditionals="0" statements="23" coveredstatements="23" elements="25" coveredelements="25"/>
    </file>
    <file name="/Users/danielmullin/inShore/I000/bookwhen/src/Transporters/HttpTransporter.php">
      <class name="InShore\Bookwhen\Transporters\HttpTransporter" namespace="global">
        <metrics complexity="5" methods="2" coveredmethods="1" conditionals="0" coveredconditionals="0" statements="12" coveredstatements="7" elements="14" coveredelements="8"/>
      </class>
      <line num="28" type="method" name="__construct" visibility="public" complexity="1" crap="1" count="20"/>
      <line num="35" type="stmt" count="20"/>
      <line num="40" type="method" name="requestObject" visibility="public" complexity="4" crap="5.50" count="11"/>
      <line num="42" type="stmt" count="11"/>
      <line num="45" type="stmt" count="11"/>
      <line num="46" type="stmt" count="0"/>
      <line num="47" type="stmt" count="0"/>
      <line num="50" type="stmt" count="11"/>
      <line num="58" type="stmt" count="11"/>
      <line num="59" type="stmt" count="0"/>
      <line num="60" type="stmt" count="0"/>
      <line num="63" type="stmt" count="11"/>
      <line num="64" type="stmt" count="0"/>
      <line num="67" type="stmt" count="11"/>
      <metrics loc="70" ncloc="56" classes="1" methods="2" coveredmethods="1" conditionals="0" coveredconditionals="0" statements="12" coveredstatements="7" elements="14" coveredelements="8"/>
    </file>
    <file name="/Users/danielmullin/inShore/I000/bookwhen/src/Validator.php">
      <class name="InShore\Bookwhen\Validator" namespace="global">
        <metrics complexity="42" methods="22" coveredmethods="7" conditionals="0" coveredconditionals="0" statements="70" coveredstatements="35" elements="92" coveredelements="42"/>
      </class>
      <line num="21" type="method" name="validAdditionalInfo" visibility="public" complexity="1" crap="2" count="0"/>
      <line num="23" type="stmt" count="0"/>
      <line num="35" type="method" name="validAddressText" visibility="public" complexity="1" crap="2" count="0"/>
      <line num="37" type="stmt" count="0"/>
      <line num="49" type="method" name="validAttachmentId" visibility="public" complexity="1" crap="2" count="0"/>
      <line num="51" type="stmt" count="0"/>
      <line num="64" type="method" name="validClassPassId" visibility="public" complexity="3" crap="3.33" count="1"/>
      <line num="66" type="stmt" count="1"/>
      <line num="68" type="stmt" count="1"/>
      <line num="69" type="stmt" count="0"/>
      <line num="72" type="stmt" count="1"/>
      <line num="73" type="stmt" count="0"/>
      <line num="76" type="stmt" count="1"/>
      <line num="84" type="method" name="validDate" visibility="public" complexity="2" crap="2" count="10"/>
      <line num="86" type="stmt" count="10"/>
      <line num="87" type="stmt" count="8"/>
      <line num="89" type="stmt" count="2"/>
      <line num="98" type="method" name="validDetails" visibility="public" complexity="1" crap="2" count="0"/>
      <line num="100" type="stmt" count="0"/>
      <line num="112" type="method" name="validEventId" visibility="public" complexity="4" crap="4.84" count="1"/>
      <line num="114" type="stmt" count="1"/>
      <line num="116" type="stmt" count="1"/>
      <line num="117" type="stmt" count="0"/>
      <line num="120" type="stmt" count="1"/>
      <line num="121" type="stmt" count="0"/>
      <line num="125" type="stmt" count="1"/>
      <line num="126" type="stmt" count="0"/>
      <line num="129" type="stmt" count="1"/>
      <line num="137" type="method" name="validFileName" visibility="public" complexity="1" crap="1" count="2"/>
      <line num="139" type="stmt" count="2"/>
      <line num="147" type="method" name="validFileType" visibility="public" complexity="1" crap="1" count="2"/>
      <line num="149" type="stmt" count="2"/>
      <line num="157" type="method" name="validFrom" visibility="public" complexity="5" crap="18.69" count="1"/>
      <line num="159" type="stmt" count="1"/>
      <line num="160" type="stmt" count="1"/>
      <line num="163" type="stmt" count="0"/>
      <line num="165" type="stmt" count="0"/>
      <line num="166" type="stmt" count="0"/>
      <line num="169" type="stmt" count="0"/>
      <line num="170" type="stmt" count="0"/>
      <line num="173" type="stmt" count="0"/>
      <line num="176" type="stmt" count="0"/>
      <line num="177" type="stmt" count="0"/>
      <line num="180" type="stmt" count="0"/>
      <line num="189" type="method" name="validId" visibility="public" complexity="3" crap="3.04" count="14"/>
      <line num="191" type="stmt" count="14"/>
      <line num="192" type="stmt" count="3"/>
      <line num="194" type="stmt" count="11"/>
      <line num="195" type="stmt" count="0"/>
      <line num="197" type="stmt" count="11"/>
      <line num="198" type="stmt" count="11"/>
      <line num="208" type="method" name="validInclude" visibility="public" complexity="1" crap="1" count="1"/>
      <line num="210" type="stmt" count="1"/>
      <line num="220" type="method" name="validLocation" visibility="public" complexity="1" crap="2" count="0"/>
      <line num="222" type="stmt" count="0"/>
      <line num="234" type="method" name="validLocationId" visibility="public" complexity="1" crap="2" count="0"/>
      <line num="236" type="stmt" count="0"/>
      <line num="244" type="method" name="validTag" visibility="public" complexity="1" crap="1" count="9"/>
      <line num="246" type="stmt" count="9"/>
      <line num="258" type="method" name="validTicketId" visibility="public" complexity="5" crap="6.60" count="1"/>
      <line num="261" type="stmt" count="1"/>
      <line num="263" type="stmt" count="1"/>
      <line num="264" type="stmt" count="0"/>
      <line num="267" type="stmt" count="1"/>
      <line num="268" type="stmt" count="0"/>
      <line num="272" type="stmt" count="1"/>
      <line num="273" type="stmt" count="0"/>
      <line num="276" type="stmt" count="1"/>
      <line num="277" type="stmt" count="0"/>
      <line num="280" type="stmt" count="1"/>
      <line num="288" type="method" name="validTitle" visibility="public" complexity="1" crap="1" count="2"/>
      <line num="290" type="stmt" count="2"/>
      <line num="298" type="method" name="validTo" visibility="public" complexity="5" crap="11.44" count="5"/>
      <line num="300" type="stmt" count="5"/>
      <line num="301" type="stmt" count="0"/>
      <line num="304" type="stmt" count="5"/>
      <line num="307" type="stmt" count="5"/>
      <line num="308" type="stmt" count="5"/>
      <line num="311" type="stmt" count="0"/>
      <line num="313" type="stmt" count="0"/>
      <line num="314" type="stmt" count="0"/>
      <line num="316" type="stmt" count="0"/>
      <line num="317" type="stmt" count="0"/>
      <line num="320" type="stmt" count="0"/>
      <line num="328" type="method" name="validToken" visibility="public" complexity="1" crap="1" count="1"/>
      <line num="330" type="stmt" count="1"/>
      <line num="342" type="method" name="validUsageAllowance" visibility="public" complexity="1" crap="2" count="0"/>
      <line num="344" type="stmt" count="0"/>
      <line num="356" type="method" name="validUsageType" visibility="public" complexity="1" crap="2" count="0"/>
      <line num="358" type="stmt" count="0"/>
      <line num="370" type="method" name="validuseRestrictedForDays" visibility="public" complexity="1" crap="2" count="0"/>
      <line num="372" type="stmt" count="0"/>
      <metrics loc="377" ncloc="217" classes="1" methods="22" coveredmethods="7" conditionals="0" coveredconditionals="0" statements="70" coveredstatements="35" elements="92" coveredelements="42"/>
    </file>
    <file name="/Users/danielmullin/inShore/I000/bookwhen/src/ValueObjects/ApiKey.php">
      <class name="InShore\Bookwhen\ValueObjects\ApiKey" namespace="global">
        <metrics complexity="4" methods="3" coveredmethods="3" conditionals="0" coveredconditionals="0" statements="5" coveredstatements="5" elements="8" coveredelements="8"/>
      </class>
      <line num="17" type="method" name="__construct" visibility="private" complexity="1" crap="1" count="21"/>
      <line num="20" type="stmt" count="21"/>
      <line num="22" type="method" name="from" visibility="public" complexity="2" crap="2" count="22"/>
      <line num="24" type="stmt" count="22"/>
      <line num="25" type="stmt" count="1"/>
      <line num="27" type="stmt" count="21"/>
      <line num="33" type="method" name="toString" visibility="public" complexity="1" crap="1" count="21"/>
      <line num="35" type="stmt" count="21"/>
      <metrics loc="38" ncloc="28" classes="1" methods="3" coveredmethods="3" conditionals="0" coveredconditionals="0" statements="5" coveredstatements="5" elements="8" coveredelements="8"/>
    </file>
    <file name="/Users/danielmullin/inShore/I000/bookwhen/src/ValueObjects/ResourceUri.php">
      <class name="InShore\Bookwhen\ValueObjects\ResourceUri" namespace="global">
        <metrics complexity="7" methods="4" coveredmethods="4" conditionals="0" coveredconditionals="0" statements="8" coveredstatements="8" elements="12" coveredelements="12"/>
      </class>
      <line num="17" type="method" name="__construct" visibility="private" complexity="1" crap="1" count="13"/>
      <line num="20" type="stmt" count="13"/>
      <line num="25" type="method" name="list" visibility="public" complexity="2" crap="2" count="7"/>
      <line num="27" type="stmt" count="7"/>
      <line num="28" type="stmt" count="1"/>
      <line num="30" type="stmt" count="6"/>
      <line num="36" type="method" name="retrieve" visibility="public" complexity="3" crap="3" count="8"/>
      <line num="38" type="stmt" count="8"/>
      <line num="39" type="stmt" count="1"/>
      <line num="41" type="stmt" count="7"/>
      <line num="47" type="method" name="toString" visibility="public" complexity="1" crap="1" count="13"/>
      <line num="49" type="stmt" count="13"/>
      <metrics loc="52" ncloc="36" classes="1" methods="4" coveredmethods="4" conditionals="0" coveredconditionals="0" statements="8" coveredstatements="8" elements="12" coveredelements="12"/>
    </file>
    <file name="/Users/danielmullin/inShore/I000/bookwhen/src/ValueObjects/Transporter/BaseUri.php">
      <class name="InShore\Bookwhen\ValueObjects\Transporter\BaseUri" namespace="global">
        <metrics complexity="4" methods="3" coveredmethods="3" conditionals="0" coveredconditionals="0" statements="5" coveredstatements="5" elements="8" coveredelements="8"/>
      </class>
      <line num="17" type="method" name="__construct" visibility="private" complexity="1" crap="1" count="21"/>
      <line num="20" type="stmt" count="21"/>
      <line num="25" type="method" name="from" visibility="public" complexity="2" crap="2" count="22"/>
      <line num="27" type="stmt" count="22"/>
      <line num="28" type="stmt" count="1"/>
      <line num="30" type="stmt" count="21"/>
      <line num="36" type="method" name="toString" visibility="public" complexity="1" crap="1" count="12"/>
      <line num="38" type="stmt" count="12"/>
      <metrics loc="41" ncloc="28" classes="1" methods="3" coveredmethods="3" conditionals="0" coveredconditionals="0" statements="5" coveredstatements="5" elements="8" coveredelements="8"/>
    </file>
    <file name="/Users/danielmullin/inShore/I000/bookwhen/src/ValueObjects/Transporter/Headers.php">
      <class name="InShore\Bookwhen\ValueObjects\Transporter\Headers" namespace="global">
        <metrics complexity="5" methods="5" coveredmethods="4" conditionals="0" coveredconditionals="0" statements="10" coveredstatements="6" elements="15" coveredelements="10"/>
      </class>
      <line num="19" type="method" name="__construct" visibility="private" complexity="1" crap="1" count="20"/>
      <line num="22" type="stmt" count="20"/>
      <line num="27" type="method" name="create" visibility="public" complexity="1" crap="1" count="20"/>
      <line num="29" type="stmt" count="20"/>
      <line num="35" type="method" name="withAuthorization" visibility="public" complexity="1" crap="1" count="20"/>
      <line num="37" type="stmt" count="20"/>
      <line num="38" type="stmt" count="20"/>
      <line num="39" type="stmt" count="20"/>
      <line num="45" type="method" name="withContentType" visibility="public" complexity="1" crap="2" count="0"/>
      <line num="47" type="stmt" count="0"/>
      <line num="48" type="stmt" count="0"/>
      <line num="49" type="stmt" count="0"/>
      <line num="50" type="stmt" count="0"/>
      <line num="56" type="method" name="toArray" visibility="public" complexity="1" crap="1" count="11"/>
      <line num="58" type="stmt" count="11"/>
      <metrics loc="61" ncloc="40" classes="1" methods="5" coveredmethods="4" conditionals="0" coveredconditionals="0" statements="10" coveredstatements="6" elements="15" coveredelements="10"/>
    </file>
    <file name="/Users/danielmullin/inShore/I000/bookwhen/src/ValueObjects/Transporter/Payload.php">
      <class name="InShore\Bookwhen\ValueObjects\Transporter\Payload" namespace="global">
        <metrics complexity="6" methods="4" coveredmethods="4" conditionals="0" coveredconditionals="0" statements="15" coveredstatements="15" elements="19" coveredelements="19"/>
      </class>
      <line num="24" type="method" name="__construct" visibility="private" complexity="1" crap="1" count="11"/>
      <line num="31" type="stmt" count="11"/>
      <line num="36" type="method" name="list" visibility="public" complexity="1" crap="1" count="5"/>
      <line num="40" type="stmt" count="5"/>
      <line num="41" type="stmt" count="5"/>
      <line num="43" type="stmt" count="5"/>
      <line num="49" type="method" name="retrieve" visibility="public" complexity="1" crap="1" count="6"/>
      <line num="52" type="stmt" count="6"/>
      <line num="53" type="stmt" count="6"/>
      <line num="55" type="stmt" count="6"/>
      <line num="61" type="method" name="toRequest" visibility="public" complexity="3" crap="3" count="11"/>
      <line num="63" type="stmt" count="11"/>
      <line num="65" type="stmt" count="11"/>
      <line num="67" type="stmt" count="11"/>
      <line num="68" type="stmt" count="6"/>
      <line num="71" type="stmt" count="11"/>
      <line num="73" type="stmt" count="11"/>
      <line num="74" type="stmt" count="11"/>
      <line num="76" type="stmt" count="11"/>
      <metrics loc="79" ncloc="57" classes="1" methods="4" coveredmethods="4" conditionals="0" coveredconditionals="0" statements="15" coveredstatements="15" elements="19" coveredelements="19"/>
    </file>
    <file name="/Users/danielmullin/inShore/I000/bookwhen/src/ValueObjects/Transporter/QueryParams.php">
      <class name="InShore\Bookwhen\ValueObjects\Transporter\QueryParams" namespace="global">
        <metrics complexity="4" methods="4" coveredmethods="2" conditionals="0" coveredconditionals="0" statements="7" coveredstatements="2" elements="11" coveredelements="4"/>
      </class>
      <line num="17" type="method" name="__construct" visibility="private" complexity="1" crap="1" count="20"/>
      <line num="20" type="stmt" count="20"/>
      <line num="25" type="method" name="create" visibility="public" complexity="1" crap="1" count="20"/>
      <line num="27" type="stmt" count="20"/>
      <line num="33" type="method" name="withParam" visibility="public" complexity="1" crap="2" count="0"/>
      <line num="35" type="stmt" count="0"/>
      <line num="36" type="stmt" count="0"/>
      <line num="37" type="stmt" count="0"/>
      <line num="38" type="stmt" count="0"/>
      <line num="44" type="method" name="toArray" visibility="public" complexity="1" crap="2" count="0"/>
      <line num="46" type="stmt" count="0"/>
      <metrics loc="49" ncloc="31" classes="1" methods="4" coveredmethods="2" conditionals="0" coveredconditionals="0" statements="7" coveredstatements="2" elements="11" coveredelements="4"/>
    </file>
    <metrics files="56" loc="3872" ncloc="2551" classes="39" methods="122" coveredmethods="73" conditionals="0" coveredconditionals="0" statements="728" coveredstatements="570" elements="850" coveredelements="643"/>
  </project>
</coverage>
